<?xml version="1.0" encoding="UTF-8"?>
<testsuite name="UnitTests" tests="2" skipped="0" failures="0" errors="0" timestamp="2025-12-18T06:27:30" hostname="fang" time="0.019">
  <properties/>
  <testcase name="testCorrectlyReadsStudents()" classname="UnitTests" time="0.016"/>
  <testcase name="testReadingStudentsErrorHandled()" classname="UnitTests" time="0.002"/>
  <system-out><![CDATA[Error: File not found.
non_existent_file.txt
]]></system-out>
  <system-err><![CDATA[]]></system-err>
</testsuite>
